#
# There is insufficient memory for the Java Runtime Environment to continue.
# Native memory allocation (mmap) failed to map 266338304 bytes. Error detail: G1 virtual space
# Possible reasons:
#   The system is out of physical RAM or swap space
#   This process is running with CompressedOops enabled, and the Java Heap may be blocking the growth of the native heap
# Possible solutions:
#   Reduce memory load on the system
#   Increase physical memory or swap space
#   Check if swap backing store is full
#   Decrease Java heap size (-Xmx/-Xms)
#   Decrease number of Java threads
#   Decrease Java thread stack sizes (-Xss)
#   Set larger code cache with -XX:ReservedCodeCacheSize=
#   JVM is running with Zero Based Compressed Oops mode in which the Java heap is
#     placed in the first 32GB address space. The Java Heap base address is the
#     maximum limit for the native heap growth. Please use -XX:HeapBaseMinAddress
#     to set the Java Heap base and to place the Java Heap above 32GB virtual address.
# This output file may be truncated or incomplete.
#
#  Out of Memory Error (os_windows.cpp:3710), pid=18540, tid=20248
#
# JRE version:  (17.0.16+8) (build )
# Java VM: OpenJDK 64-Bit Server VM (17.0.16+8-LTS, mixed mode, emulated-client, sharing, tiered, compressed oops, compressed class ptrs, g1 gc, windows-amd64)
# No core dump will be written. Minidumps are not enabled by default on client versions of Windows
#

---------------  S U M M A R Y ------------

Command Line: -agentlib:jdwp=transport=dt_socket,address=127.0.0.1:8357,suspend=y,server=n -agentpath:C:\Users\Administrator\AppData\Local\Temp\idea_libasyncProfiler_dll_temp_folder8\libasyncProfiler.dll=version,jfr,event=wall,interval=10ms,cstack=no,file=C:\Users\Administrator\IdeaSnapshots\AutomationApplication_2025_10_10_173100.jfr,dbghelppath=C:\Users\Administrator\AppData\Local\Temp\idea_dbghelp_dll_temp_folder8\dbghelp.dll,log=C:\Users\Administrator\AppData\Local\Temp\AutomationApplication_2025_10_10_173100.jfr.log.txt,logLevel=DEBUG -XX:TieredStopAtLevel=1 -Dspring.output.ansi.enabled=always -Dcom.sun.management.jmxremote -Dspring.jmx.enabled=true -Dspring.liveBeansView.mbeanDomain -Dspring.application.admin.enabled=true -Dmanagement.endpoints.jmx.exposure.include=* -javaagent:C:\Users\Administrator\AppData\Local\JetBrains\IntelliJIdea2024.3\captureAgent\debugger-agent.jar -Dkotlinx.coroutines.debug.enable.creation.stack.trace=false -Ddebugger.agent.enable.coroutines=true -Dkotlinx.coroutines.debug.enable.flows.stack.trace=true -Dkotlinx.coroutines.debug.enable.mutable.state.flows.stack.trace=true -Dfile.encoding=UTF-8 com.never_give_up.automation.AutomationApplication

Host: 12th Gen Intel(R) Core(TM) i5-12400, 12 cores, 15G,  Windows 10 , 64 bit Build 19041 (10.0.19041.5915)
Time: Fri Oct 10 17:31:01 2025  Windows 10 , 64 bit Build 19041 (10.0.19041.5915) elapsed time: 0.044214 seconds (0d 0h 0m 0s)

---------------  T H R E A D  ---------------

Current thread (0x0000021d6ffec010):  JavaThread "Unknown thread" [_thread_in_vm, id=20248, stack(0x000000a4d5b00000,0x000000a4d5c00000)]

Stack: [0x000000a4d5b00000,0x000000a4d5c00000]
Native frames: (J=compiled Java code, j=interpreted, Vv=VM code, C=native code)
V  [jvm.dll+0x68ee19]
V  [jvm.dll+0x846249]
V  [jvm.dll+0x847fb8]
V  [jvm.dll+0x848643]
V  [jvm.dll+0x24cf6f]
V  [jvm.dll+0x68bde9]
V  [jvm.dll+0x6803aa]
V  [jvm.dll+0x30ffc0]
V  [jvm.dll+0x30fe62]
V  [jvm.dll+0x3173b9]
V  [jvm.dll+0x3695e9]
V  [jvm.dll+0x36981d]
V  [jvm.dll+0x2e683a]
V  [jvm.dll+0x2e7748]
V  [jvm.dll+0x8186fe]
V  [jvm.dll+0x377251]
V  [jvm.dll+0x7f6d45]
V  [jvm.dll+0x3fd00b]
V  [jvm.dll+0x3fec41]
C  [jli.dll+0x52f0]
C  [ucrtbase.dll+0x21bb2]
C  [KERNEL32.DLL+0x17374]
C  [ntdll.dll+0x4cc91]


---------------  P R O C E S S  ---------------

Threads class SMR info:
_java_thread_list=0x00007ffec2ed7018, length=0, elements={
}

Java Threads: ( => current thread )

Other Threads:
  0x0000021d6fa9d9d0 GCTaskThread "GC Thread#0" [stack: 0x000000a4d5c00000,0x000000a4d5d00000] [id=13348]
  0x0000021d6faae6a0 ConcurrentGCThread "G1 Main Marker" [stack: 0x000000a4d5d00000,0x000000a4d5e00000] [id=8704]
  0x0000021d6faaefd0 ConcurrentGCThread "G1 Conc#0" [stack: 0x000000a4d5e00000,0x000000a4d5f00000] [id=4908]

[error occurred during error reporting (printing all threads), id 0xc0000005, EXCEPTION_ACCESS_VIOLATION (0xc0000005) at pc=0x00007ffec2687307]

VM state: not at safepoint (not fully initialized)

VM Mutex/Monitor currently owned by a thread:  ([mutex/lock_event])
[0x0000021d6fa218c0] Heap_lock - owner thread: 0x0000021d6ffec010

Heap address: 0x0000000703a00000, size: 4038 MB, Compressed Oops mode: Zero based, Oop shift amount: 3

CDS archive(s) mapped at: [0x0000000000000000-0x0000000000000000-0x0000000000000000), size 0, SharedBaseAddress: 0x0000000800000000, ArchiveRelocationMode: 1.
Narrow klass base: 0x0000000000000000, Narrow klass shift: 0, Narrow klass range: 0x0

GC Precious Log:
<Empty>

Heap:
 garbage-first heap   total 0K, used 0K [0x0000000703a00000, 0x0000000800000000)
  region size 2048K, 0 young (0K), 0 survivors (0K)

[error occurred during error reporting (printing heap information), id 0xc0000005, EXCEPTION_ACCESS_VIOLATION (0xc0000005) at pc=0x00007ffec2a78979]

GC Heap History (0 events):
No events

Dll operation events (2 events):
Event: 0.035 Loaded shared library D:\Users\Administrator\.jdks\ms-17.0.16\bin\java.dll
Event: 0.036 Loaded shared library D:\Users\Administrator\.jdks\ms-17.0.16\bin\zip.dll

Deoptimization events (0 events):
No events

Classes loaded (0 events):
No events

Classes unloaded (0 events):
No events

Classes redefined (0 events):
No events

Internal exceptions (0 events):
No events

VM Operations (0 events):
No events

Memory protections (0 events):
No events

Nmethod flushes (0 events):
No events

Events (0 events):
No events


Dynamic libraries:
0x00007ff674010000 - 0x00007ff67401e000 	D:\Users\Administrator\.jdks\ms-17.0.16\bin\java.exe
0x00007fff411f0000 - 0x00007fff413e8000 	C:\Windows\SYSTEM32\ntdll.dll
0x00007fff40220000 - 0x00007fff402e2000 	C:\Windows\System32\KERNEL32.DLL
0x00007fff3ee80000 - 0x00007fff3f176000 	C:\Windows\System32\KERNELBASE.dll
0x00007fff3ece0000 - 0x00007fff3ede0000 	C:\Windows\System32\ucrtbase.dll
0x00007fff2c200000 - 0x00007fff2c218000 	D:\Users\Administrator\.jdks\ms-17.0.16\bin\jli.dll
0x00007fff2c1e0000 - 0x00007fff2c1fe000 	D:\Users\Administrator\.jdks\ms-17.0.16\bin\VCRUNTIME140.dll
0x00007fff40450000 - 0x00007fff405ed000 	C:\Windows\System32\USER32.dll
0x00007fff3e8d0000 - 0x00007fff3e8f2000 	C:\Windows\System32\win32u.dll
0x00007fff29f70000 - 0x00007fff2a20a000 	C:\Windows\WinSxS\amd64_microsoft.windows.common-controls_6595b64144ccf1df_6.0.19041.5915_none_60b4b9d171f9c7c7\COMCTL32.dll
0x00007fff3ffd0000 - 0x00007fff3fffb000 	C:\Windows\System32\GDI32.dll
0x00007fff405f0000 - 0x00007fff4068e000 	C:\Windows\System32\msvcrt.dll
0x00007fff3ea30000 - 0x00007fff3eb49000 	C:\Windows\System32\gdi32full.dll
0x00007fff3ede0000 - 0x00007fff3ee7d000 	C:\Windows\System32\msvcp_win.dll
0x00007fff3fb40000 - 0x00007fff3fb6f000 	C:\Windows\System32\IMM32.DLL
0x00007fff39df0000 - 0x00007fff39dfc000 	D:\Users\Administrator\.jdks\ms-17.0.16\bin\vcruntime140_1.dll
0x00007fff17cd0000 - 0x00007fff17d59000 	D:\Users\Administrator\.jdks\ms-17.0.16\bin\msvcp140.dll
0x00007ffec2390000 - 0x00007ffec300a000 	D:\Users\Administrator\.jdks\ms-17.0.16\bin\server\jvm.dll
0x00007fff3f9f0000 - 0x00007fff3faa1000 	C:\Windows\System32\ADVAPI32.dll
0x00007fff40070000 - 0x00007fff4010f000 	C:\Windows\System32\sechost.dll
0x00007fff3fd60000 - 0x00007fff3fe83000 	C:\Windows\System32\RPCRT4.dll
0x00007fff3eb50000 - 0x00007fff3eb77000 	C:\Windows\System32\bcrypt.dll
0x00007fff40000000 - 0x00007fff4006b000 	C:\Windows\System32\WS2_32.dll
0x00007fff39130000 - 0x00007fff3913a000 	C:\Windows\SYSTEM32\VERSION.dll
0x00007fff3de10000 - 0x00007fff3de5b000 	C:\Windows\SYSTEM32\POWRPROF.dll
0x00007fff33700000 - 0x00007fff33727000 	C:\Windows\SYSTEM32\WINMM.dll
0x00007fff3dc80000 - 0x00007fff3dc92000 	C:\Windows\SYSTEM32\UMPDC.dll
0x00007fff3d0f0000 - 0x00007fff3d102000 	C:\Windows\SYSTEM32\kernel.appcore.dll
0x00007fff2af00000 - 0x00007fff2af0a000 	D:\Users\Administrator\.jdks\ms-17.0.16\bin\jimage.dll
0x00007fff3c440000 - 0x00007fff3c641000 	C:\Windows\SYSTEM32\DBGHELP.DLL
0x00007fff28230000 - 0x00007fff28264000 	C:\Windows\SYSTEM32\dbgcore.DLL
0x00007fff3f180000 - 0x00007fff3f202000 	C:\Windows\System32\bcryptPrimitives.dll
0x00007fff23db0000 - 0x00007fff23deb000 	D:\Users\Administrator\.jdks\ms-17.0.16\bin\jdwp.dll
0x00007fff112d0000 - 0x00007fff114de000 	C:\Users\Administrator\AppData\Local\Temp\idea_libasyncProfiler_dll_temp_folder8\libasyncProfiler.dll
0x00007fff2c0b0000 - 0x00007fff2c0bf000 	D:\Users\Administrator\.jdks\ms-17.0.16\bin\instrument.dll
0x00007fff2aed0000 - 0x00007fff2aef6000 	D:\Users\Administrator\.jdks\ms-17.0.16\bin\java.dll
0x00007fff28360000 - 0x00007fff28378000 	D:\Users\Administrator\.jdks\ms-17.0.16\bin\zip.dll

dbghelp: loaded successfully - version: 4.0.5 - missing functions: none
symbol engine: initialized successfully - sym options: 0x614 - pdb path: .;D:\Users\Administrator\.jdks\ms-17.0.16\bin;C:\Windows\SYSTEM32;C:\Windows\WinSxS\amd64_microsoft.windows.common-controls_6595b64144ccf1df_6.0.19041.5915_none_60b4b9d171f9c7c7;D:\Users\Administrator\.jdks\ms-17.0.16\bin\server;C:\Users\Administrator\AppData\Local\Temp\idea_libasyncProfiler_dll_temp_folder8

VM Arguments:
jvm_args: -agentlib:jdwp=transport=dt_socket,address=127.0.0.1:8357,suspend=y,server=n -agentpath:C:\Users\Administrator\AppData\Local\Temp\idea_libasyncProfiler_dll_temp_folder8\libasyncProfiler.dll=version,jfr,event=wall,interval=10ms,cstack=no,file=C:\Users\Administrator\IdeaSnapshots\AutomationApplication_2025_10_10_173100.jfr,dbghelppath=C:\Users\Administrator\AppData\Local\Temp\idea_dbghelp_dll_temp_folder8\dbghelp.dll,log=C:\Users\Administrator\AppData\Local\Temp\AutomationApplication_2025_10_10_173100.jfr.log.txt,logLevel=DEBUG -XX:TieredStopAtLevel=1 -Dspring.output.ansi.enabled=always -Dcom.sun.management.jmxremote -Dspring.jmx.enabled=true -Dspring.liveBeansView.mbeanDomain -Dspring.application.admin.enabled=true -Dmanagement.endpoints.jmx.exposure.include=* -javaagent:C:\Users\Administrator\AppData\Local\JetBrains\IntelliJIdea2024.3\captureAgent\debugger-agent.jar -Dkotlinx.coroutines.debug.enable.creation.stack.trace=false -Ddebugger.agent.enable.coroutines=true -Dkotlinx.coroutines.debug.enable.flows.stack.trace=true -Dkotlinx.coroutines.debug.enable.mutable.state.flows.stack.trace=true -Dfile.encoding=UTF-8 
java_command: com.never_give_up.automation.AutomationApplication
java_class_path (initial): E:\newgit\automation\target\classes;C:\Users\Administrator\.m2\repository\org\springframework\boot\spring-boot-starter-web\3.5.6\spring-boot-starter-web-3.5.6.jar;C:\Users\Administrator\.m2\repository\org\springframework\boot\spring-boot-starter\3.5.6\spring-boot-starter-3.5.6.jar;C:\Users\Administrator\.m2\repository\org\springframework\boot\spring-boot\3.5.6\spring-boot-3.5.6.jar;C:\Users\Administrator\.m2\repository\org\springframework\boot\spring-boot-autoconfigure\3.5.6\spring-boot-autoconfigure-3.5.6.jar;C:\Users\Administrator\.m2\repository\org\springframework\boot\spring-boot-starter-logging\3.5.6\spring-boot-starter-logging-3.5.6.jar;C:\Users\Administrator\.m2\repository\ch\qos\logback\logback-classic\1.5.18\logback-classic-1.5.18.jar;C:\Users\Administrator\.m2\repository\ch\qos\logback\logback-core\1.5.18\logback-core-1.5.18.jar;C:\Users\Administrator\.m2\repository\org\apache\logging\log4j\log4j-to-slf4j\2.24.3\log4j-to-slf4j-2.24.3.jar;C:\Users\Administrator\.m2\repository\org\apache\logging\log4j\log4j-api\2.24.3\log4j-api-2.24.3.jar;C:\Users\Administrator\.m2\repository\org\slf4j\jul-to-slf4j\2.0.17\jul-to-slf4j-2.0.17.jar;C:\Users\Administrator\.m2\repository\jakarta\annotation\jakarta.annotation-api\2.1.1\jakarta.annotation-api-2.1.1.jar;C:\Users\Administrator\.m2\repository\org\yaml\snakeyaml\2.4\snakeyaml-2.4.jar;C:\Users\Administrator\.m2\repository\org\springframework\boot\spring-boot-starter-json\3.5.6\spring-boot-starter-json-3.5.6.jar;C:\Users\Administrator\.m2\repository\com\fasterxml\jackson\core\jackson-databind\2.19.2\jackson-databind-2.19.2.jar;C:\Users\Administrator\.m2\repository\com\fasterxml\jackson\core\jackson-annotations\2.19.2\jackson-annotations-2.19.2.jar;C:\Users\Administrator\.m2\repository\com\fasterxml\jackson\core\jackson-core\2.19.2\jackson-core-2.19.2.jar;C:\Users\Administrator\.m2\repository\com\fasterxml\jackson\datatype\jackson-datatype-jdk8\2.19.2\jackson-datatype-jdk8-2.19.2.jar;C:\Users\
Launcher Type: SUN_STANDARD

[Global flags]
     intx CICompilerCount                          = 4                                         {product} {ergonomic}
     uint ConcGCThreads                            = 3                                         {product} {ergonomic}
     uint G1ConcRefinementThreads                  = 10                                        {product} {ergonomic}
   size_t G1HeapRegionSize                         = 2097152                                   {product} {ergonomic}
    uintx GCDrainStackTargetSize                   = 64                                        {product} {ergonomic}
   size_t InitialHeapSize                          = 266338304                                 {product} {ergonomic}
     bool ManagementServer                         = true                                      {product} {command line}
   size_t MarkStackSize                            = 4194304                                   {product} {ergonomic}
   size_t MaxHeapSize                              = 4234149888                                {product} {ergonomic}
   size_t MinHeapDeltaBytes                        = 2097152                                   {product} {ergonomic}
   size_t MinHeapSize                              = 8388608                                   {product} {ergonomic}
    uintx NonProfiledCodeHeapSize                  = 0                                      {pd product} {ergonomic}
     bool ProfileInterpreter                       = false                                  {pd product} {command line}
    uintx ProfiledCodeHeapSize                     = 0                                      {pd product} {ergonomic}
   size_t SoftMaxHeapSize                          = 4234149888                             {manageable} {ergonomic}
     intx TieredStopAtLevel                        = 1                                         {product} {command line}
     bool UseCompressedClassPointers               = true                           {product lp64_product} {ergonomic}
     bool UseCompressedOops                        = true                           {product lp64_product} {ergonomic}
     bool UseG1GC                                  = true                                      {product} {ergonomic}
     bool UseLargePagesIndividualAllocation        = false                                  {pd product} {ergonomic}

Logging:
Log output configuration:
 #0: stdout all=warning uptime,level,tags
 #1: stderr all=off uptime,level,tags

Environment Variables:
PATH=D:\Program Files (x86)\VMware\VMware Workstation\bin\;C:\Windows\system32;C:\Windows;C:\Windows\System32\Wbem;C:\Windows\System32\WindowsPowerShell\v1.0\;C:\Windows\System32\OpenSSH\;C:\Program Files\dotnet\;C:\Program Files\Git\cmd;C:\Program Files\TortoiseGit\bin;C:\Users\Administrator\AppData\Roaming\nvm;C:\Program Files\nodejs;E:\apache-maven-3.9.6\bin;C:\Program Files\Java\jdk-17_windows-x64_bin\jdk-17.0.11\bin;D:\Program Files\mingw64\bin;D:\Program Files\CMake\bin;C:\Users\Administrator\AppData\Local\Programs\Python\Python39;C:\Users\Administrator\AppData\Local\Programs\Python\Python39\Scripts;D:\Program Files\Nox\bin;E:\Program Files\Nox\bin;E:\mysql-9.3.0-winx64;E:\mysql-9.3.0-winx64\bin;C:\Users\Administrator\AppData\Local\Microsoft\WindowsApps;D:\Program Files (x86)\Nmap;C:\Users\Administrator\.dotnet\tools;?C:\Python27
USERNAME=Administrator
OS=Windows_NT
PROCESSOR_IDENTIFIER=Intel64 Family 6 Model 151 Stepping 5, GenuineIntel
TMP=C:\Users\Administrator\AppData\Local\Temp
TEMP=C:\Users\Administrator\AppData\Local\Temp



Periodic native trim disabled


---------------  S Y S T E M  ---------------

OS:
 Windows 10 , 64 bit Build 19041 (10.0.19041.5915)
OS uptime: 1 days 8:29 hours

CPU: total 12 (initial active 12) (6 cores per cpu, 2 threads per core) family 6 model 151 stepping 5 microcode 0x25, cx8, cmov, fxsr, ht, mmx, 3dnowpref, sse, sse2, sse3, ssse3, sse4.1, sse4.2, popcnt, lzcnt, tsc, tscinvbit, avx, avx2, aes, erms, clmul, bmi1, bmi2, adx, sha, fma, vzeroupper, clflush, clflushopt, clwb
Processor Information for the first 12 processors :
  Max Mhz: 2500, Current Mhz: 2500, Mhz Limit: 2500

Memory: 4k page, system-wide physical 16146M (217M free)
TotalPageFile size 36370M (AvailPageFile size 235M)
current process WorkingSet (physical memory assigned to process): 13M, peak: 13M
current process commit charge ("private bytes"): 71M, peak: 325M

vm_info: OpenJDK 64-Bit Server VM (17.0.16+8-LTS) for windows-amd64 JRE (17.0.16+8-LTS), built on Jul 10 2025 00:24:24 by "MicrosoftCorporation" with unknown MS VC++:1944

END.
